<?xml version="1.0" encoding="UTF-8"?>
<!-- Generated by org.testng.reporters.JUnitReportReporter -->
<testsuite hostname="DESKTOP-P3AQRQ6" failures="0" tests="1" name="com.testCases.testCases" time="2.257" errors="0" timestamp="2020-10-15T17:17:15 IST" skipped="0">
  <testcase classname="com.testCases.testCases" name="LoginTest" time="2.257"/>
  <system-out/>
</testsuite> <!-- com.testCases.testCases -->
