<?xml version="1.0" encoding="UTF-8"?>
<!-- Generated by org.testng.reporters.JUnitReportReporter -->
<testsuite hostname="DESKTOP-P3AQRQ6" failures="0" tests="1" name="myProject.myProject.AppTest" time="0.015" errors="0" timestamp="2020-10-14T19:46:01 IST" skipped="0">
  <testcase classname="myProject.myProject.AppTest" name="shouldAnswerWithTrue" time="0.015"/>
  <system-out/>
</testsuite> <!-- myProject.myProject.AppTest -->
