<?xml version="1.0" encoding="UTF-8"?>
<!-- Generated by org.testng.reporters.JUnitReportReporter -->
<testsuite hostname="DESKTOP-P3AQRQ6" failures="0" tests="1" name="com.testCases.TC_002" time="0.000" errors="0" timestamp="2020-10-15T13:34:38 IST" skipped="1">
  <testcase classname="com.testCases.TC_002" name="loginDDT" time="0.000">
    <skipped/>
  </testcase> <!-- loginDDT -->
  <system-out/>
</testsuite> <!-- com.testCases.TC_002 -->
